#
# There is insufficient memory for the Java Runtime Environment to continue.
# Native memory allocation (malloc) failed to allocate 262160 bytes for Chunk::new
# Possible reasons:
#   The system is out of physical RAM or swap space
#   The process is running with CompressedOops enabled, and the Java Heap may be blocking the growth of the native heap
# Possible solutions:
#   Reduce memory load on the system
#   Increase physical memory or swap space
#   Check if swap backing store is full
#   Decrease Java heap size (-Xmx/-Xms)
#   Decrease number of Java threads
#   Decrease Java thread stack sizes (-Xss)
#   Set larger code cache with -XX:ReservedCodeCacheSize=
#   JVM is running with Unscaled Compressed Oops mode in which the Java heap is
#     placed in the first 4GB address space. The Java Heap base address is the
#     maximum limit for the native heap growth. Please use -XX:HeapBaseMinAddress
#     to set the Java Heap base and to place the Java Heap above 4GB virtual address.
# This output file may be truncated or incomplete.
#
#  Out of Memory Error (allocation.cpp:389), pid=12016, tid=0x0000000000003448
#
# JRE version: OpenJDK Runtime Environment (8.0_242-b01) (build 1.8.0_242-release-1644-b01)
# Java VM: OpenJDK 64-Bit Server VM (25.242-b01 mixed mode windows-amd64 compressed oops)
# Failed to write core dump. Minidumps are not enabled by default on client versions of Windows
#

---------------  T H R E A D  ---------------

Current thread (0x000000001785b000):  JavaThread "C2 CompilerThread0" daemon [_thread_in_native, id=13384, stack(0x0000000018ea0000,0x0000000018fa0000)]

Stack: [0x0000000018ea0000,0x0000000018fa0000]
[error occurred during error reporting (printing stack bounds), id 0xc0000005]

Native frames: (J=compiled Java code, j=interpreted, Vv=VM code, C=native code)


Current CompileTask:
C2:  44450 7417       4       com.sun.beans.TypeResolver::resolve (37 bytes)


---------------  P R O C E S S  ---------------

Java Threads: ( => current thread )
  0x0000000020d60000 JavaThread "Cache worker for Build Output Cleanup Cache (E:\HD_Project\.gradle\buildOutputCleanup)" [_thread_blocked, id=15776, stack(0x000000002a240000,0x000000002a340000)]
  0x000000001e1b9800 JavaThread "jar transforms Thread 94" [_thread_blocked, id=13460, stack(0x0000000029d40000,0x0000000029e40000)]
  0x000000001e1b6800 JavaThread "jar transforms Thread 93" [_thread_blocked, id=1220, stack(0x0000000029c40000,0x0000000029d40000)]
  0x000000001e1b8800 JavaThread "jar transforms Thread 92" [_thread_blocked, id=7040, stack(0x0000000029b40000,0x0000000029c40000)]
  0x000000001e1b5000 JavaThread "jar transforms Thread 91" [_thread_blocked, id=15668, stack(0x0000000029a40000,0x0000000029b40000)]
  0x000000001e1b7000 JavaThread "jar transforms Thread 90" [_thread_blocked, id=11052, stack(0x0000000029940000,0x0000000029a40000)]
  0x000000001e1b8000 JavaThread "jar transforms Thread 89" [_thread_blocked, id=7108, stack(0x0000000029840000,0x0000000029940000)]
  0x000000001e1ac000 JavaThread "jar transforms Thread 88" [_thread_blocked, id=13348, stack(0x0000000029740000,0x0000000029840000)]
  0x000000001e1ae000 JavaThread "jar transforms Thread 87" [_thread_blocked, id=9908, stack(0x0000000029640000,0x0000000029740000)]
  0x000000001e1b2800 JavaThread "jar transforms Thread 86" [_thread_blocked, id=5504, stack(0x0000000029540000,0x0000000029640000)]
  0x000000001e1af000 JavaThread "jar transforms Thread 85" [_thread_blocked, id=4544, stack(0x0000000029440000,0x0000000029540000)]
  0x000000001e1ad800 JavaThread "jar transforms Thread 84" [_thread_blocked, id=14360, stack(0x0000000029340000,0x0000000029440000)]
  0x000000001e1ab000 JavaThread "jar transforms Thread 83" [_thread_blocked, id=13056, stack(0x0000000029240000,0x0000000029340000)]
  0x000000001e1b0800 JavaThread "jar transforms Thread 82" [_thread_blocked, id=13236, stack(0x0000000029140000,0x0000000029240000)]
  0x000000001e1b1000 JavaThread "jar transforms Thread 81" [_thread_blocked, id=15752, stack(0x0000000029040000,0x0000000029140000)]
  0x000000001e1ac800 JavaThread "jar transforms Thread 80" [_thread_blocked, id=7780, stack(0x0000000028f40000,0x0000000029040000)]
  0x000000001e1b2000 JavaThread "jar transforms Thread 79" [_thread_blocked, id=8492, stack(0x0000000028e40000,0x0000000028f40000)]
  0x000000001e1af800 JavaThread "jar transforms Thread 78" [_thread_blocked, id=10216, stack(0x0000000028d40000,0x0000000028e40000)]
  0x000000001e1aa800 JavaThread "jar transforms Thread 77" [_thread_blocked, id=15520, stack(0x0000000028c40000,0x0000000028d40000)]
  0x000000001b8d0000 JavaThread "jar transforms Thread 76" [_thread_blocked, id=8380, stack(0x0000000028b40000,0x0000000028c40000)]
  0x000000001b8d6000 JavaThread "jar transforms Thread 75" [_thread_blocked, id=10280, stack(0x0000000028a40000,0x0000000028b40000)]
  0x000000001b8d5800 JavaThread "jar transforms Thread 74" [_thread_blocked, id=7376, stack(0x0000000028940000,0x0000000028a40000)]
  0x000000001b8d4800 JavaThread "jar transforms Thread 73" [_thread_blocked, id=8860, stack(0x0000000028840000,0x0000000028940000)]
  0x000000001b8d4000 JavaThread "jar transforms Thread 72" [_thread_blocked, id=9068, stack(0x0000000028740000,0x0000000028840000)]
  0x000000001b8d1800 JavaThread "jar transforms Thread 71" [_thread_blocked, id=224, stack(0x0000000028640000,0x0000000028740000)]
  0x000000001b8d1000 JavaThread "jar transforms Thread 70" [_thread_blocked, id=8024, stack(0x0000000028540000,0x0000000028640000)]
  0x000000001b8d3000 JavaThread "jar transforms Thread 69" [_thread_blocked, id=9976, stack(0x0000000028440000,0x0000000028540000)]
  0x000000001b8d2800 JavaThread "jar transforms Thread 68" [_thread_blocked, id=864, stack(0x0000000028340000,0x0000000028440000)]
  0x000000001b8c8800 JavaThread "jar transforms Thread 67" [_thread_blocked, id=8504, stack(0x0000000028240000,0x0000000028340000)]
  0x000000001b8cf800 JavaThread "jar transforms Thread 66" [_thread_blocked, id=9432, stack(0x0000000028140000,0x0000000028240000)]
  0x000000001b8c7800 JavaThread "jar transforms Thread 65" [_thread_blocked, id=604, stack(0x0000000028040000,0x0000000028140000)]
  0x000000001b8ce800 JavaThread "jar transforms Thread 64" [_thread_blocked, id=13696, stack(0x0000000027f40000,0x0000000028040000)]
  0x000000001b8ce000 JavaThread "jar transforms Thread 63" [_thread_blocked, id=3760, stack(0x0000000027e40000,0x0000000027f40000)]
  0x000000001b8cd000 JavaThread "jar transforms Thread 62" [_thread_blocked, id=13376, stack(0x0000000027d40000,0x0000000027e40000)]
  0x000000001b8c9000 JavaThread "jar transforms Thread 61" [_thread_blocked, id=7832, stack(0x0000000027c40000,0x0000000027d40000)]
  0x000000001b8c7000 JavaThread "jar transforms Thread 60" [_thread_blocked, id=10616, stack(0x0000000027b40000,0x0000000027c40000)]
  0x000000001b8cb000 JavaThread "jar transforms Thread 59" [_thread_blocked, id=15584, stack(0x0000000027a40000,0x0000000027b40000)]
  0x000000001b8cc800 JavaThread "jar transforms Thread 58" [_thread_blocked, id=2312, stack(0x0000000027940000,0x0000000027a40000)]
  0x000000001b8ca000 JavaThread "jar transforms Thread 57" [_thread_blocked, id=15444, stack(0x0000000027840000,0x0000000027940000)]
  0x000000001b8cb800 JavaThread "jar transforms Thread 56" [_thread_blocked, id=11612, stack(0x0000000027740000,0x0000000027840000)]
  0x000000001acc1000 JavaThread "jar transforms Thread 55" [_thread_blocked, id=1376, stack(0x0000000027640000,0x0000000027740000)]
  0x000000001acc0000 JavaThread "jar transforms Thread 54" [_thread_blocked, id=6660, stack(0x0000000027540000,0x0000000027640000)]
  0x000000001acbf800 JavaThread "jar transforms Thread 53" [_thread_blocked, id=14676, stack(0x0000000027440000,0x0000000027540000)]
  0x000000001acbe800 JavaThread "jar transforms Thread 52" [_thread_blocked, id=7712, stack(0x0000000027340000,0x0000000027440000)]
  0x000000001acbe000 JavaThread "jar transforms Thread 51" [_thread_blocked, id=2288, stack(0x0000000027240000,0x0000000027340000)]
  0x000000001acbd000 JavaThread "jar transforms Thread 50" [_thread_blocked, id=1868, stack(0x0000000027140000,0x0000000027240000)]
  0x000000001acb5800 JavaThread "jar transforms Thread 49" [_thread_blocked, id=13324, stack(0x0000000027040000,0x0000000027140000)]
  0x000000001acbc800 JavaThread "jar transforms Thread 48" [_thread_blocked, id=6956, stack(0x0000000026f40000,0x0000000027040000)]
  0x000000001acb4800 JavaThread "jar transforms Thread 47" [_thread_blocked, id=7724, stack(0x0000000026e40000,0x0000000026f40000)]
  0x000000001acbb800 JavaThread "jar transforms Thread 46" [_thread_blocked, id=13436, stack(0x0000000026d40000,0x0000000026e40000)]
  0x000000001acbb000 JavaThread "jar transforms Thread 45" [_thread_blocked, id=7208, stack(0x0000000026c40000,0x0000000026d40000)]
  0x000000001acb4000 JavaThread "jar transforms Thread 44" [_thread_blocked, id=14188, stack(0x0000000026b40000,0x0000000026c40000)]
  0x000000001acba000 JavaThread "jar transforms Thread 43" [_thread_blocked, id=8224, stack(0x0000000026a40000,0x0000000026b40000)]
  0x000000001acb9000 JavaThread "jar transforms Thread 42" [_thread_blocked, id=12140, stack(0x0000000026940000,0x0000000026a40000)]
  0x000000001acb1800 JavaThread "jar transforms Thread 41" [_thread_blocked, id=6936, stack(0x0000000026840000,0x0000000026940000)]
  0x000000001acb3000 JavaThread "jar transforms Thread 40" [_thread_blocked, id=14356, stack(0x0000000026740000,0x0000000026840000)]
  0x000000001acb2800 JavaThread "jar transforms Thread 39" [_thread_blocked, id=13108, stack(0x0000000026640000,0x0000000026740000)]
  0x000000001acb7000 JavaThread "jar transforms Thread 38" [_thread_blocked, id=5116, stack(0x0000000026540000,0x0000000026640000)]
  0x000000001acb6000 JavaThread "jar transforms Thread 37" [_thread_blocked, id=10980, stack(0x0000000026440000,0x0000000026540000)]
  0x000000001acb8800 JavaThread "jar transforms Thread 36" [_thread_blocked, id=9720, stack(0x0000000026340000,0x0000000026440000)]
  0x000000001acb7800 JavaThread "jar transforms Thread 35" [_thread_blocked, id=10736, stack(0x0000000026240000,0x0000000026340000)]
  0x000000001f741000 JavaThread "jar transforms Thread 34" [_thread_blocked, id=9288, stack(0x0000000026140000,0x0000000026240000)]
  0x000000001f740000 JavaThread "jar transforms Thread 33" [_thread_blocked, id=3356, stack(0x0000000026040000,0x0000000026140000)]
  0x000000001f73f800 JavaThread "jar transforms Thread 32" [_thread_blocked, id=9872, stack(0x0000000025f40000,0x0000000026040000)]
  0x000000001f746000 JavaThread "jar transforms Thread 31" [_thread_blocked, id=12004, stack(0x0000000025e40000,0x0000000025f40000)]
  0x000000001f741800 JavaThread "jar transforms Thread 30" [_thread_blocked, id=9536, stack(0x0000000025d40000,0x0000000025e40000)]
  0x000000001f745800 JavaThread "jar transforms Thread 29" [_thread_blocked, id=3940, stack(0x0000000025c40000,0x0000000025d40000)]
  0x000000001f744000 JavaThread "jar transforms Thread 28" [_thread_blocked, id=11076, stack(0x0000000025b40000,0x0000000025c40000)]
  0x000000001f742800 JavaThread "jar transforms Thread 27" [_thread_blocked, id=10640, stack(0x0000000025a40000,0x0000000025b40000)]
  0x000000001f744800 JavaThread "jar transforms Thread 26" [_thread_blocked, id=13052, stack(0x0000000025940000,0x0000000025a40000)]
  0x000000001f743000 JavaThread "jar transforms Thread 25" [_thread_blocked, id=14064, stack(0x0000000025840000,0x0000000025940000)]
  0x000000001f738000 JavaThread "jar transforms Thread 24" [_thread_blocked, id=13816, stack(0x0000000025740000,0x0000000025840000)]
  0x000000001f73e800 JavaThread "jar transforms Thread 23" [_thread_blocked, id=14120, stack(0x0000000025640000,0x0000000025740000)]
  0x000000001f73e000 JavaThread "jar transforms Thread 22" [_thread_blocked, id=2896, stack(0x0000000025540000,0x0000000025640000)]
  0x000000001f737000 JavaThread "jar transforms Thread 21" [_thread_blocked, id=7480, stack(0x0000000025440000,0x0000000025540000)]
  0x000000001f73d000 JavaThread "jar transforms Thread 20" [_thread_blocked, id=14972, stack(0x0000000025340000,0x0000000025440000)]
  0x000000001f73b800 JavaThread "jar transforms Thread 19" [_thread_blocked, id=11372, stack(0x0000000025240000,0x0000000025340000)]
  0x000000001f739800 JavaThread "jar transforms Thread 18" [_thread_blocked, id=9224, stack(0x0000000025140000,0x0000000025240000)]
  0x000000001f73b000 JavaThread "jar transforms Thread 17" [_thread_blocked, id=10808, stack(0x0000000025040000,0x0000000025140000)]
  0x000000001f73a000 JavaThread "jar transforms Thread 16" [_thread_blocked, id=10036, stack(0x0000000024f40000,0x0000000025040000)]
  0x000000001f73c800 JavaThread "jar transforms Thread 15" [_thread_blocked, id=14492, stack(0x0000000024e40000,0x0000000024f40000)]
  0x000000001f738800 JavaThread "jar transforms Thread 14" [_thread_blocked, id=13428, stack(0x0000000024d40000,0x0000000024e40000)]
  0x0000000020d67000 JavaThread "jar transforms Thread 13" [_thread_blocked, id=12548, stack(0x0000000024c40000,0x0000000024d40000)]
  0x0000000020d66000 JavaThread "jar transforms Thread 12" [_thread_blocked, id=1004, stack(0x0000000024b40000,0x0000000024c40000)]
  0x0000000020d6b800 JavaThread "jar transforms Thread 11" [_thread_blocked, id=1296, stack(0x0000000024a40000,0x0000000024b40000)]
  0x0000000020d6a800 JavaThread "jar transforms Thread 10" [_thread_blocked, id=12476, stack(0x0000000024940000,0x0000000024a40000)]
  0x0000000020d6a000 JavaThread "jar transforms Thread 9" [_thread_blocked, id=15712, stack(0x0000000024840000,0x0000000024940000)]
  0x0000000020d67800 JavaThread "jar transforms Thread 8" [_thread_blocked, id=5528, stack(0x0000000024740000,0x0000000024840000)]
  0x0000000020d68800 JavaThread "jar transforms Thread 7" [_thread_blocked, id=15528, stack(0x0000000024640000,0x0000000024740000)]
  0x0000000020d69000 JavaThread "jar transforms Thread 6" [_thread_blocked, id=6376, stack(0x0000000024540000,0x0000000024640000)]
  0x0000000020d65800 JavaThread "Build operations Thread 4" [_thread_blocked, id=12932, stack(0x0000000024240000,0x0000000024340000)]
  0x0000000020d62000 JavaThread "Build operations Thread 3" [_thread_blocked, id=15456, stack(0x0000000024140000,0x0000000024240000)]
  0x0000000020d61800 JavaThread "Build operations Thread 2" [_thread_blocked, id=2780, stack(0x0000000022930000,0x0000000022a30000)]
  0x0000000020d60800 JavaThread "Build operations" [_thread_blocked, id=4100, stack(0x0000000022830000,0x0000000022930000)]
  0x0000000020d5e800 JavaThread "Cache worker for file content cache (E:\androidStudio\caches\6.5\fileContent)" [_thread_blocked, id=12136, stack(0x0000000022130000,0x0000000022230000)]
  0x0000000020d5d800 JavaThread "Cache worker for execution history cache (E:\androidStudio\caches\6.5\executionHistory)" [_thread_blocked, id=9688, stack(0x0000000022030000,0x0000000022130000)]
  0x0000000020d63800 JavaThread "Cache worker for cache directory md-rule (E:\androidStudio\caches\6.5\md-rule)" [_thread_blocked, id=4444, stack(0x0000000021f30000,0x0000000022030000)]
  0x0000000020d5c000 JavaThread "Cache worker for cache directory md-supplier (E:\androidStudio\caches\6.5\md-supplier)" [_thread_blocked, id=10500, stack(0x0000000021e30000,0x0000000021f30000)]
  0x000000001b368800 JavaThread "Cache worker for checksums cache (E:\HD_Project\.gradle\checksums)" [_thread_blocked, id=3592, stack(0x0000000021d30000,0x0000000021e30000)]
  0x000000001b367800 JavaThread "jar transforms Thread 5" [_thread_blocked, id=1488, stack(0x0000000021c30000,0x0000000021d30000)]
  0x000000001b367000 JavaThread "jar transforms Thread 4" [_thread_blocked, id=9100, stack(0x0000000021b30000,0x0000000021c30000)]
  0x000000001b366000 JavaThread "jar transforms Thread 3" [_thread_blocked, id=4000, stack(0x0000000021a30000,0x0000000021b30000)]
  0x000000001b36a800 JavaThread "jar transforms Thread 2" [_thread_blocked, id=1292, stack(0x0000000021930000,0x0000000021a30000)]
  0x000000001b36a000 JavaThread "jar transforms" [_thread_blocked, id=7680, stack(0x0000000021830000,0x0000000021930000)]
  0x000000001b365800 JavaThread "Cache worker for file hash cache (E:\HD_Project\.gradle\6.5\fileHashes)" [_thread_blocked, id=4984, stack(0x00000000204c0000,0x00000000205c0000)]
  0x000000001b36c000 JavaThread "Cache worker for file hash cache (E:\androidStudio\caches\6.5\fileHashes)" [_thread_blocked, id=9836, stack(0x000000001d8c0000,0x000000001d9c0000)]
  0x000000001b36b800 JavaThread "File lock request listener" [_thread_in_native, id=13780, stack(0x000000001d7c0000,0x000000001d8c0000)]
  0x000000001b369000 JavaThread "Cache worker for journal cache (E:\androidStudio\caches\journal-1)" [_thread_blocked, id=15664, stack(0x000000001d5c0000,0x000000001d6c0000)]
  0x000000001956c000 JavaThread "Thread-9" [_thread_blocked, id=10816, stack(0x000000001d2c0000,0x000000001d3c0000)]
  0x000000001b2d1000 JavaThread "Stdin handler" [_thread_blocked, id=3468, stack(0x000000001d1c0000,0x000000001d2c0000)]
  0x000000001b2ce800 JavaThread "Asynchronous log dispatcher for DefaultDaemonConnection: socket connection from /127.0.0.1:15652 to /127.0.0.1:15653" [_thread_blocked, id=3392, stack(0x000000001d0c0000,0x000000001d1c0000)]
  0x000000001b1ca000 JavaThread "Daemon worker" [_thread_in_native, id=8368, stack(0x000000001cfc0000,0x000000001d0c0000)]
  0x000000001b1f7800 JavaThread "Cancel handler" [_thread_blocked, id=13920, stack(0x000000001cec0000,0x000000001cfc0000)]
  0x000000001b212800 JavaThread "Handler for socket connection from /127.0.0.1:15652 to /127.0.0.1:15653" [_thread_in_native, id=15356, stack(0x000000001cdc0000,0x000000001cec0000)]
  0x000000001b211800 JavaThread "Daemon" [_thread_blocked, id=15972, stack(0x000000001ccc0000,0x000000001cdc0000)]
  0x000000001b26f800 JavaThread "Daemon periodic checks" [_thread_blocked, id=9124, stack(0x000000001c9c0000,0x000000001cac0000)]
  0x000000001b13c000 JavaThread "Incoming local TCP Connector on port 15652" [_thread_in_native, id=2800, stack(0x000000001c780000,0x000000001c880000)]
  0x000000001ad20800 JavaThread "Daemon health stats" [_thread_blocked, id=9332, stack(0x000000001c140000,0x000000001c240000)]
  0x00000000191c8800 JavaThread "Service Thread" daemon [_thread_blocked, id=13724, stack(0x00000000195a0000,0x00000000196a0000)]
  0x0000000017869000 JavaThread "C1 CompilerThread2" daemon [_thread_blocked, id=10076, stack(0x00000000190a0000,0x00000000191a0000)]
  0x000000001785c800 JavaThread "C2 CompilerThread1" daemon [_thread_in_native, id=3472, stack(0x0000000018fa0000,0x00000000190a0000)]
=>0x000000001785b000 JavaThread "C2 CompilerThread0" daemon [_thread_in_native, id=13384, stack(0x0000000018ea0000,0x0000000018fa0000)]
  0x0000000017855000 JavaThread "Attach Listener" daemon [_thread_blocked, id=2540, stack(0x0000000018da0000,0x0000000018ea0000)]
  0x0000000017854000 JavaThread "Signal Dispatcher" daemon [_thread_blocked, id=15728, stack(0x0000000018ca0000,0x0000000018da0000)]
  0x0000000002bfd000 JavaThread "Finalizer" daemon [_thread_blocked, id=13392, stack(0x0000000018aa0000,0x0000000018ba0000)]
  0x0000000017839000 JavaThread "Reference Handler" daemon [_thread_blocked, id=9248, stack(0x00000000189a0000,0x0000000018aa0000)]
  0x0000000002b02800 JavaThread "main" [_thread_blocked, id=6608, stack(0x00000000029d0000,0x0000000002ad0000)]

Other Threads:
  0x0000000017816000 VMThread [stack: 0x00000000188a0000,0x00000000189a0000] [id=10636]
  0x00000000178ab800 WatcherThread [stack: 0x00000000196a0000,0x00000000197a0000] [id=16328]

VM state:not at safepoint (normal execution)

VM Mutex/Monitor currently owned by a thread: None

heap address: 0x0000000080000000, size: 2048 MB, Compressed Oops mode: 32-bit
Narrow klass base: 0x0000000000000000, Narrow klass shift: 3
Compressed class space size: 1073741824 Address: 0x0000000100000000

Heap:
 PSYoungGen      total 199168K, used 73634K [0x00000000d5580000, 0x00000000e2500000, 0x0000000100000000)
  eden space 188928K, 38% used [0x00000000d5580000,0x00000000d9d68948,0x00000000e0e00000)
  from space 10240K, 0% used [0x00000000e1b00000,0x00000000e1b00000,0x00000000e2500000)
  to   space 11776K, 0% used [0x00000000e0e00000,0x00000000e0e00000,0x00000000e1980000)
 ParOldGen       total 86528K, used 29999K [0x0000000080000000, 0x0000000085480000, 0x00000000d5580000)
  object space 86528K, 34% used [0x0000000080000000,0x0000000081d4bd78,0x0000000085480000)
 Metaspace       used 59986K, capacity 62224K, committed 62552K, reserved 1103872K
  class space    used 7717K, capacity 8212K, committed 8320K, reserved 1048576K

Card table byte_map: [0x0000000011fc0000,0x00000000123d0000] byte_map_base: 0x0000000011bc0000

Marking Bits: (ParMarkBitMap*) 0x000000007122f030
 Begin Bits: [0x0000000012a80000, 0x0000000014a80000)
 End Bits:   [0x0000000014a80000, 0x0000000016a80000)

Polling page: 0x0000000002900000

CodeCache: size=245760Kb used=22735Kb max_used=22748Kb free=223024Kb
 bounds [0x0000000002c00000, 0x0000000004250000, 0x0000000011c00000]
 total_blobs=7296 nmethods=6457 adapters=752
 compilation: enabled

Compilation events (10 events):
Event: 44.438 Thread 0x0000000017869000 7512       3       groovyjarjarasm.asm.Frame::getLocal (46 bytes)
Event: 44.438 Thread 0x0000000017869000 nmethod 7512 0x0000000003eb84d0 code [0x0000000003eb8640, 0x0000000003eb8890]
Event: 44.438 Thread 0x0000000017869000 7510       3       groovyjarjarasm.asm.Frame::getAbstractTypeFromDescriptor (415 bytes)
Event: 44.439 Thread 0x0000000017869000 nmethod 7510 0x0000000003ee4050 code [0x0000000003ee42c0, 0x0000000003ee5388]
Event: 44.439 Thread 0x0000000017869000 7509       3       groovyjarjarasm.asm.ByteVector::<init> (13 bytes)
Event: 44.439 Thread 0x0000000017869000 nmethod 7509 0x0000000003eb7fd0 code [0x0000000003eb8140, 0x0000000003eb8390]
Event: 44.441 Thread 0x000000001785c800 nmethod 7418 0x0000000003f13410 code [0x0000000003f13580, 0x0000000003f13aa8]
Event: 44.441 Thread 0x000000001785c800 7501       4       groovy.lang.MetaClassImpl::checkIfStdMethod (178 bytes)
Event: 44.447 Thread 0x0000000017869000 7513   !   3       java.lang.Class::desiredAssertionStatus (54 bytes)
Event: 44.448 Thread 0x0000000017869000 nmethod 7513 0x0000000003f11690 code [0x0000000003f118e0, 0x0000000003f128b8]

GC Heap History (10 events):
Event: 30.471 GC heap before
{Heap before GC invocations=15 (full 2):
 PSYoungGen      total 175104K, used 171330K [0x00000000d5580000, 0x00000000e1280000, 0x0000000100000000)
  eden space 163328K, 100% used [0x00000000d5580000,0x00000000df500000,0x00000000df500000)
  from space 11776K, 67% used [0x00000000e0000000,0x00000000e07d0870,0x00000000e0b80000)
  to   space 11264K, 0% used [0x00000000df500000,0x00000000df500000,0x00000000e0000000)
 ParOldGen       total 86528K, used 14183K [0x0000000080000000, 0x0000000085480000, 0x00000000d5580000)
  object space 86528K, 16% used [0x0000000080000000,0x0000000080dd9c38,0x0000000085480000)
 Metaspace       used 44220K, capacity 45934K, committed 46040K, reserved 1089536K
  class space    used 5785K, capacity 6134K, committed 6144K, reserved 1048576K
Event: 30.478 GC heap after
Heap after GC invocations=15 (full 2):
 PSYoungGen      total 174592K, used 7344K [0x00000000d5580000, 0x00000000e2600000, 0x0000000100000000)
  eden space 163328K, 0% used [0x00000000d5580000,0x00000000d5580000,0x00000000df500000)
  from space 11264K, 65% used [0x00000000df500000,0x00000000dfc2c1e0,0x00000000e0000000)
  to   space 11264K, 0% used [0x00000000e1b00000,0x00000000e1b00000,0x00000000e2600000)
 ParOldGen       total 86528K, used 14191K [0x0000000080000000, 0x0000000085480000, 0x00000000d5580000)
  object space 86528K, 16% used [0x0000000080000000,0x0000000080ddbc38,0x0000000085480000)
 Metaspace       used 44220K, capacity 45934K, committed 46040K, reserved 1089536K
  class space    used 5785K, capacity 6134K, committed 6144K, reserved 1048576K
}
Event: 32.327 GC heap before
{Heap before GC invocations=16 (full 2):
 PSYoungGen      total 174592K, used 170672K [0x00000000d5580000, 0x00000000e2600000, 0x0000000100000000)
  eden space 163328K, 100% used [0x00000000d5580000,0x00000000df500000,0x00000000df500000)
  from space 11264K, 65% used [0x00000000df500000,0x00000000dfc2c1e0,0x00000000e0000000)
  to   space 11264K, 0% used [0x00000000e1b00000,0x00000000e1b00000,0x00000000e2600000)
 ParOldGen       total 86528K, used 14191K [0x0000000080000000, 0x0000000085480000, 0x00000000d5580000)
  object space 86528K, 16% used [0x0000000080000000,0x0000000080ddbc38,0x0000000085480000)
 Metaspace       used 44220K, capacity 45934K, committed 46040K, reserved 1089536K
  class space    used 5785K, capacity 6134K, committed 6144K, reserved 1048576K
Event: 32.338 GC heap after
Heap after GC invocations=16 (full 2):
 PSYoungGen      total 199168K, used 9655K [0x00000000d5580000, 0x00000000e2500000, 0x0000000100000000)
  eden space 188928K, 0% used [0x00000000d5580000,0x00000000d5580000,0x00000000e0e00000)
  from space 10240K, 94% used [0x00000000e1b00000,0x00000000e246dd70,0x00000000e2500000)
  to   space 11776K, 0% used [0x00000000e0e00000,0x00000000e0e00000,0x00000000e1980000)
 ParOldGen       total 86528K, used 14191K [0x0000000080000000, 0x0000000085480000, 0x00000000d5580000)
  object space 86528K, 16% used [0x0000000080000000,0x0000000080ddbc38,0x0000000085480000)
 Metaspace       used 44220K, capacity 45934K, committed 46040K, reserved 1089536K
  class space    used 5785K, capacity 6134K, committed 6144K, reserved 1048576K
}
Event: 36.778 GC heap before
{Heap before GC invocations=17 (full 2):
 PSYoungGen      total 199168K, used 198583K [0x00000000d5580000, 0x00000000e2500000, 0x0000000100000000)
  eden space 188928K, 100% used [0x00000000d5580000,0x00000000e0e00000,0x00000000e0e00000)
  from space 10240K, 94% used [0x00000000e1b00000,0x00000000e246dd70,0x00000000e2500000)
  to   space 11776K, 0% used [0x00000000e0e00000,0x00000000e0e00000,0x00000000e1980000)
 ParOldGen       total 86528K, used 14191K [0x0000000080000000, 0x0000000085480000, 0x00000000d5580000)
  object space 86528K, 16% used [0x0000000080000000,0x0000000080ddbc38,0x0000000085480000)
 Metaspace       used 53279K, capacity 55362K, committed 55640K, reserved 1097728K
  class space    used 6872K, capacity 7286K, committed 7296K, reserved 1048576K
Event: 36.798 GC heap after
Heap after GC invocations=17 (full 2):
 PSYoungGen      total 200704K, used 11750K [0x00000000d5580000, 0x00000000e2500000, 0x0000000100000000)
  eden space 188928K, 0% used [0x00000000d5580000,0x00000000d5580000,0x00000000e0e00000)
  from space 11776K, 99% used [0x00000000e0e00000,0x00000000e1979958,0x00000000e1980000)
  to   space 10240K, 0% used [0x00000000e1b00000,0x00000000e1b00000,0x00000000e2500000)
 ParOldGen       total 86528K, used 20480K [0x0000000080000000, 0x0000000085480000, 0x00000000d5580000)
  object space 86528K, 23% used [0x0000000080000000,0x0000000081400168,0x0000000085480000)
 Metaspace       used 53279K, capacity 55362K, committed 55640K, reserved 1097728K
  class space    used 6872K, capacity 7286K, committed 7296K, reserved 1048576K
}
Event: 42.685 GC heap before
{Heap before GC invocations=18 (full 2):
 PSYoungGen      total 200704K, used 65791K [0x00000000d5580000, 0x00000000e2500000, 0x0000000100000000)
  eden space 188928K, 28% used [0x00000000d5580000,0x00000000d8a46598,0x00000000e0e00000)
  from space 11776K, 99% used [0x00000000e0e00000,0x00000000e1979958,0x00000000e1980000)
  to   space 10240K, 0% used [0x00000000e1b00000,0x00000000e1b00000,0x00000000e2500000)
 ParOldGen       total 86528K, used 20480K [0x0000000080000000, 0x0000000085480000, 0x00000000d5580000)
  object space 86528K, 23% used [0x0000000080000000,0x0000000081400168,0x0000000085480000)
 Metaspace       used 56793K, capacity 58898K, committed 59028K, reserved 1101824K
  class space    used 7310K, capacity 7734K, committed 7808K, reserved 1048576K
Event: 42.701 GC heap after
Heap after GC invocations=18 (full 2):
 PSYoungGen      total 199168K, used 10238K [0x00000000d5580000, 0x00000000e2500000, 0x0000000100000000)
  eden space 188928K, 0% used [0x00000000d5580000,0x00000000d5580000,0x00000000e0e00000)
  from space 10240K, 99% used [0x00000000e1b00000,0x00000000e24ff8c0,0x00000000e2500000)
  to   space 11776K, 0% used [0x00000000e0e00000,0x00000000e0e00000,0x00000000e1980000)
 ParOldGen       total 86528K, used 28281K [0x0000000080000000, 0x0000000085480000, 0x00000000d5580000)
  object space 86528K, 32% used [0x0000000080000000,0x0000000081b9e570,0x0000000085480000)
 Metaspace       used 56793K, capacity 58898K, committed 59028K, reserved 1101824K
  class space    used 7310K, capacity 7734K, committed 7808K, reserved 1048576K
}
Event: 42.701 GC heap before
{Heap before GC invocations=19 (full 3):
 PSYoungGen      total 199168K, used 10238K [0x00000000d5580000, 0x00000000e2500000, 0x0000000100000000)
  eden space 188928K, 0% used [0x00000000d5580000,0x00000000d5580000,0x00000000e0e00000)
  from space 10240K, 99% used [0x00000000e1b00000,0x00000000e24ff8c0,0x00000000e2500000)
  to   space 11776K, 0% used [0x00000000e0e00000,0x00000000e0e00000,0x00000000e1980000)
 ParOldGen       total 86528K, used 28281K [0x0000000080000000, 0x0000000085480000, 0x00000000d5580000)
  object space 86528K, 32% used [0x0000000080000000,0x0000000081b9e570,0x0000000085480000)
 Metaspace       used 56793K, capacity 58898K, committed 59028K, reserved 1101824K
  class space    used 7310K, capacity 7734K, committed 7808K, reserved 1048576K
Event: 42.921 GC heap after
Heap after GC invocations=19 (full 3):
 PSYoungGen      total 199168K, used 0K [0x00000000d5580000, 0x00000000e2500000, 0x0000000100000000)
  eden space 188928K, 0% used [0x00000000d5580000,0x00000000d5580000,0x00000000e0e00000)
  from space 10240K, 0% used [0x00000000e1b00000,0x00000000e1b00000,0x00000000e2500000)
  to   space 11776K, 0% used [0x00000000e0e00000,0x00000000e0e00000,0x00000000e1980000)
 ParOldGen       total 86528K, used 29999K [0x0000000080000000, 0x0000000085480000, 0x00000000d5580000)
  object space 86528K, 34% used [0x0000000080000000,0x0000000081d4bd78,0x0000000085480000)
 Metaspace       used 56731K, capacity 58684K, committed 59028K, reserved 1101824K
  class space    used 7292K, capacity 7711K, committed 7808K, reserved 1048576K
}

Deoptimization events (10 events):
Event: 44.147 Thread 0x000000001b1ca000 Uncommon trap: reason=unstable_if action=reinterpret pc=0x000000000408852c method=org.gradle.internal.instantiation.generator.AbstractClassGenerator$InjectionAnnotationValidator.validateMethod(Ljava/lang/reflect/Method;Lorg/gradle/internal/reflect/Propert
Event: 44.236 Thread 0x000000001b1ca000 Uncommon trap: reason=null_check action=make_not_entrant pc=0x00000000033f441c method=java.lang.Class.searchMethods([Ljava/lang/reflect/Method;Ljava/lang/String;[Ljava/lang/Class;)Ljava/lang/reflect/Method; @ 59
Event: 44.361 Thread 0x000000001b1ca000 Uncommon trap: reason=bimorphic action=maybe_recompile pc=0x00000000040495a4 method=java.util.Arrays.binarySearch0([Ljava/lang/Object;IILjava/lang/Object;Ljava/util/Comparator;)I @ 48
Event: 44.361 Thread 0x000000001b1ca000 Uncommon trap: reason=bimorphic action=maybe_recompile pc=0x00000000040495a4 method=java.util.Arrays.binarySearch0([Ljava/lang/Object;IILjava/lang/Object;Ljava/util/Comparator;)I @ 48
Event: 44.361 Thread 0x000000001b1ca000 Uncommon trap: reason=bimorphic action=maybe_recompile pc=0x00000000040495a4 method=java.util.Arrays.binarySearch0([Ljava/lang/Object;IILjava/lang/Object;Ljava/util/Comparator;)I @ 48
Event: 44.361 Thread 0x000000001b1ca000 Uncommon trap: reason=bimorphic action=maybe_recompile pc=0x00000000040495a4 method=java.util.Arrays.binarySearch0([Ljava/lang/Object;IILjava/lang/Object;Ljava/util/Comparator;)I @ 48
Event: 44.389 Thread 0x000000001b1ca000 Uncommon trap: reason=unstable_if action=reinterpret pc=0x0000000003879f7c method=org.codehaus.groovy.runtime.metaclass.MetaMethodIndex.isNonRealMethod(Lgroovy/lang/MetaMethod;)Z @ 4
Event: 44.389 Thread 0x000000001b1ca000 Uncommon trap: reason=unstable_if action=reinterpret pc=0x00000000037cfeb4 method=groovy.lang.MetaClassImpl$1MOPIter.methodNameAction(Ljava/lang/Class;Lorg/codehaus/groovy/runtime/metaclass/MetaMethodIndex$Entry;)V @ 182
Event: 44.394 Thread 0x000000001b1ca000 Uncommon trap: reason=class_check action=maybe_recompile pc=0x00000000033d9ca8 method=org.codehaus.groovy.reflection.ParameterTypes.getParametersTypes0()V @ 16
Event: 44.424 Thread 0x000000001b1ca000 Uncommon trap: reason=class_check action=maybe_recompile pc=0x00000000033a0fa8 method=java.util.WeakHashMap.eq(Ljava/lang/Object;Ljava/lang/Object;)Z @ 7

Classes redefined (0 events):
No events

Internal exceptions (10 events):
Event: 44.411 Thread 0x000000001b1ca000 Exception <a 'java/lang/ClassNotFoundException': java/util/AbstractListCustomizer> (0x00000000d94778b0) thrown at [C:\src\AOSP-openjdk-git\hotspot\src\share\vm\classfile\systemDictionary.cpp, line 210]
Event: 44.412 Thread 0x000000001b1ca000 Exception <a 'java/lang/ClassNotFoundException': java/util/ArrayListCustomizer> (0x00000000d948f3e8) thrown at [C:\src\AOSP-openjdk-git\hotspot\src\share\vm\classfile\systemDictionary.cpp, line 210]
Event: 44.419 Thread 0x000000001b1ca000 Exception <a 'java/lang/ClassNotFoundException': org/gradle/api/internal/plugins/DefaultPluginContainerBeanInfo> (0x00000000d96310f0) thrown at [C:\src\AOSP-openjdk-git\hotspot\src\share\vm\classfile\systemDictionary.cpp, line 210]
Event: 44.420 Thread 0x000000001b1ca000 Exception <a 'java/lang/ClassNotFoundException': org/gradle/api/internal/plugins/DefaultPluginCollectionBeanInfo> (0x00000000d9670068) thrown at [C:\src\AOSP-openjdk-git\hotspot\src\share\vm\classfile\systemDictionary.cpp, line 210]
Event: 44.421 Thread 0x000000001b1ca000 Exception <a 'java/lang/ClassNotFoundException': org/gradle/api/internal/DefaultDomainObjectSetBeanInfo> (0x00000000d96a8e70) thrown at [C:\src\AOSP-openjdk-git\hotspot\src\share\vm\classfile\systemDictionary.cpp, line 210]
Event: 44.422 Thread 0x000000001b1ca000 Exception <a 'java/lang/ClassNotFoundException': org/gradle/api/internal/DefaultDomainObjectSetCustomizer> (0x00000000d96e3668) thrown at [C:\src\AOSP-openjdk-git\hotspot\src\share\vm\classfile\systemDictionary.cpp, line 210]
Event: 44.423 Thread 0x000000001b1ca000 Exception <a 'java/lang/ClassNotFoundException': org/gradle/api/internal/plugins/DefaultPluginCollectionCustomizer> (0x00000000d97345d8) thrown at [C:\src\AOSP-openjdk-git\hotspot\src\share\vm\classfile\systemDictionary.cpp, line 210]
Event: 44.425 Thread 0x000000001b1ca000 Exception <a 'java/lang/ClassNotFoundException': org/gradle/api/internal/plugins/DefaultPluginContainerCustomizer> (0x00000000d97a6f20) thrown at [C:\src\AOSP-openjdk-git\hotspot\src\share\vm\classfile\systemDictionary.cpp, line 210]
Event: 44.434 Thread 0x000000001b1ca000 Exception <a 'java/lang/ClassNotFoundException': org/gradle/api/internal/DefaultDomainObjectSet_DecoratedBeanInfo> (0x00000000d99fb220) thrown at [C:\src\AOSP-openjdk-git\hotspot\src\share\vm\classfile\systemDictionary.cpp, line 210]
Event: 44.435 Thread 0x000000001b1ca000 Exception <a 'java/lang/ClassNotFoundException': org/gradle/api/internal/DefaultDomainObjectSet_DecoratedCustomizer> (0x00000000d9a3ba48) thrown at [C:\src\AOSP-openjdk-git\hotspot\src\share\vm\classfile\systemDictionary.cpp, line 210]

Events (10 events):
Event: 44.446 loading class org/gradle/api/internal/artifacts/result/DefaultResolvedComponentResult
Event: 44.446 loading class org/gradle/api/internal/artifacts/result/DefaultResolvedComponentResult done
Event: 44.446 loading class org/gradle/api/internal/artifacts/result/ResolvedComponentResultInternal
Event: 44.446 loading class org/gradle/api/internal/artifacts/result/ResolvedComponentResultInternal done
Event: 44.447 loading class org/gradle/api/internal/artifacts/ivyservice/resolveengine/result/DefaultResolutionResultBuilder$RootFactory
Event: 44.447 loading class org/gradle/api/internal/artifacts/ivyservice/resolveengine/result/DefaultResolutionResultBuilder$RootFactory done
Event: 44.448 loading class org/gradle/api/internal/artifacts/ivyservice/ShortCircuitEmptyConfigurationResolver$EmptyResults
Event: 44.448 loading class org/gradle/api/internal/artifacts/ivyservice/ShortCircuitEmptyConfigurationResolver$EmptyResults done
Event: 44.449 loading class org/gradle/api/internal/artifacts/ivyservice/ShortCircuitEmptyConfigurationResolver$EmptyResolvedConfiguration
Event: 44.449 loading class org/gradle/api/internal/artifacts/ivyservice/ShortCircuitEmptyConfigurationResolver$EmptyResolvedConfiguration done


Dynamic libraries:
0x00007ff7db990000 - 0x00007ff7db9c1000 	D:\Android Studio\jre\bin\java.exe
0x00007ffc0f2c0000 - 0x00007ffc0f4ad000 	C:\WINDOWS\SYSTEM32\ntdll.dll
0x00007ffc0ef80000 - 0x00007ffc0f033000 	C:\WINDOWS\System32\KERNEL32.DLL
0x00007ffc0bdc0000 - 0x00007ffc0c055000 	C:\WINDOWS\System32\KERNELBASE.dll
0x00007ffc0d360000 - 0x00007ffc0d403000 	C:\WINDOWS\System32\ADVAPI32.dll
0x00007ffc0d670000 - 0x00007ffc0d70e000 	C:\WINDOWS\System32\msvcrt.dll
0x00007ffc0cad0000 - 0x00007ffc0cb6e000 	C:\WINDOWS\System32\sechost.dll
0x00007ffc0c710000 - 0x00007ffc0c832000 	C:\WINDOWS\System32\RPCRT4.dll
0x00007ffc0f070000 - 0x00007ffc0f207000 	C:\WINDOWS\System32\USER32.dll
0x00007ffc0b450000 - 0x00007ffc0b470000 	C:\WINDOWS\System32\win32u.dll
0x00007ffc0d710000 - 0x00007ffc0d739000 	C:\WINDOWS\System32\GDI32.dll
0x00007ffc0c2e0000 - 0x00007ffc0c479000 	C:\WINDOWS\System32\gdi32full.dll
0x00007ffc0c190000 - 0x00007ffc0c230000 	C:\WINDOWS\System32\msvcp_win.dll
0x00007ffc0c060000 - 0x00007ffc0c15a000 	C:\WINDOWS\System32\ucrtbase.dll
0x00007ffbfd1d0000 - 0x00007ffbfd449000 	C:\WINDOWS\WinSxS\amd64_microsoft.windows.common-controls_6595b64144ccf1df_6.0.17763.1217_none_de6e4304534e0ad3\COMCTL32.dll
0x00007ffc0ec40000 - 0x00007ffc0ef6c000 	C:\WINDOWS\System32\combase.dll
0x00007ffc0b380000 - 0x00007ffc0b3fe000 	C:\WINDOWS\System32\bcryptPrimitives.dll
0x00007ffc0f040000 - 0x00007ffc0f06e000 	C:\WINDOWS\System32\IMM32.DLL
0x00000000708a0000 - 0x0000000070972000 	D:\Android Studio\jre\jre\bin\msvcr100.dll
0x0000000070a60000 - 0x00000000712ab000 	D:\Android Studio\jre\jre\bin\server\jvm.dll
0x00007ffc0c840000 - 0x00007ffc0c848000 	C:\WINDOWS\System32\PSAPI.DLL
0x00007ffc00560000 - 0x00007ffc0056a000 	C:\WINDOWS\SYSTEM32\VERSION.dll
0x00007ffc07d70000 - 0x00007ffc07d94000 	C:\WINDOWS\SYSTEM32\WINMM.dll
0x00007ffbf7a50000 - 0x00007ffbf7a59000 	C:\WINDOWS\SYSTEM32\WSOCK32.dll
0x00007ffc07d40000 - 0x00007ffc07d6d000 	C:\WINDOWS\SYSTEM32\WINMMBASE.dll
0x00007ffc0b400000 - 0x00007ffc0b44a000 	C:\WINDOWS\System32\cfgmgr32.dll
0x0000000002960000 - 0x00000000029cd000 	C:\WINDOWS\System32\ws2_32.DLL
0x00007ffc01d10000 - 0x00007ffc01d1f000 	D:\Android Studio\jre\jre\bin\verify.dll
0x00007ffbfbb90000 - 0x00007ffbfbbb9000 	D:\Android Studio\jre\jre\bin\java.dll
0x00007ffc010c0000 - 0x00007ffc010d6000 	D:\Android Studio\jre\jre\bin\zip.dll
0x00007ffc0d740000 - 0x00007ffc0ec34000 	C:\WINDOWS\System32\SHELL32.dll
0x00007ffc0ca20000 - 0x00007ffc0cac8000 	C:\WINDOWS\System32\shcore.dll
0x00007ffc0b490000 - 0x00007ffc0bbde000 	C:\WINDOWS\System32\windows.storage.dll
0x00007ffc0b2d0000 - 0x00007ffc0b2f4000 	C:\WINDOWS\System32\profapi.dll
0x00007ffc0b300000 - 0x00007ffc0b35d000 	C:\WINDOWS\System32\powrprof.dll
0x00007ffc0c850000 - 0x00007ffc0c8a2000 	C:\WINDOWS\System32\shlwapi.dll
0x00007ffc0b2b0000 - 0x00007ffc0b2c1000 	C:\WINDOWS\System32\kernel.appcore.dll
0x00007ffc0b470000 - 0x00007ffc0b487000 	C:\WINDOWS\System32\cryptsp.dll
0x00007ffbff700000 - 0x00007ffbff71a000 	D:\Android Studio\jre\jre\bin\net.dll
0x00007ffc0ab20000 - 0x00007ffc0ab87000 	C:\WINDOWS\system32\mswsock.dll
0x00007ffbfa810000 - 0x00007ffbfa823000 	D:\Android Studio\jre\jre\bin\nio.dll
0x00007ffbfa6a0000 - 0x00007ffbfa6c7000 	E:\androidStudio\native\f6784746aeab05261644944871eae4fe03e0ef1612fff0a4a95f87b438bc6780\windows-amd64\native-platform.dll
0x00007ffc00d50000 - 0x00007ffc00d5d000 	D:\Android Studio\jre\jre\bin\management.dll
0x00007ffc0a6a0000 - 0x00007ffc0a6d3000 	C:\WINDOWS\system32\rsaenh.dll
0x00007ffc0c160000 - 0x00007ffc0c186000 	C:\WINDOWS\System32\bcrypt.dll
0x00007ffc0b1b0000 - 0x00007ffc0b1d8000 	C:\WINDOWS\SYSTEM32\USERENV.dll
0x00007ffc0acf0000 - 0x00007ffc0acfc000 	C:\WINDOWS\SYSTEM32\CRYPTBASE.dll
0x00007ffc0a840000 - 0x00007ffc0a87d000 	C:\WINDOWS\SYSTEM32\IPHLPAPI.DLL
0x00007ffc0ef70000 - 0x00007ffc0ef78000 	C:\WINDOWS\System32\NSI.dll
0x00007ffbfe9f0000 - 0x00007ffbfea06000 	C:\WINDOWS\SYSTEM32\dhcpcsvc6.DLL
0x00007ffbff480000 - 0x00007ffbff49c000 	C:\WINDOWS\SYSTEM32\dhcpcsvc.DLL
0x00007ffc0a880000 - 0x00007ffc0a947000 	C:\WINDOWS\SYSTEM32\DNSAPI.dll
0x00007ffbffd00000 - 0x00007ffbffd0b000 	C:\WINDOWS\SYSTEM32\WINNSI.DLL
0x00007ffbf6890000 - 0x00007ffbf68b4000 	D:\Android Studio\jre\jre\bin\sunec.dll
0x00007ffbfb190000 - 0x00007ffbfb19a000 	C:\Windows\System32\rasadhlp.dll
0x00007ffbfc650000 - 0x00007ffbfc6c9000 	C:\WINDOWS\System32\fwpuclnt.dll
0x00007ffc03850000 - 0x00007ffc0385b000 	D:\Android Studio\jre\jre\bin\sunmscapi.dll
0x00007ffc0bbe0000 - 0x00007ffc0bdbc000 	C:\WINDOWS\System32\CRYPT32.dll
0x00007ffc0b360000 - 0x00007ffc0b372000 	C:\WINDOWS\System32\MSASN1.dll
0x00007ffc0a320000 - 0x00007ffc0a351000 	C:\WINDOWS\SYSTEM32\ntmarta.dll

VM Arguments:
jvm_args: -Xmx2048m -Dfile.encoding=windows-1252 -Duser.country=GB -Duser.language=en -Duser.variant 
java_command: org.gradle.launcher.daemon.bootstrap.GradleDaemon 6.5
java_class_path (initial): E:\androidStudio\wrapper\dists\gradle-6.5-bin\6nifqtx7604sqp1q6g8wikw7p\gradle-6.5\lib\gradle-launcher-6.5.jar
Launcher Type: SUN_STANDARD

Environment Variables:
JAVA_HOME=C:\Program Files\Java\jdk1.8.0_131
PATH=E:\EAD Softs\apache-maven-3.6.1\bin;E:\app\OracleHomeUser1\product\12.2.0\dbhome_1\bin;C:\Program Files\Microsoft MPI\Bin\;C:\WINDOWS\system32;C:\WINDOWS;C:\WINDOWS\System32\Wbem;C:\WINDOWS\System32\WindowsPowerShell\v1.0\;C:\WINDOWS\System32\OpenSSH\;C:\Program Files\Microsoft SQL Server\130\Tools\Binn\;C:\Program Files (x86)\Microsoft SQL Server\140\Tools\Binn\;C:\Program Files\Microsoft SQL Server\140\Tools\Binn\;C:\Program Files (x86)\Microsoft SQL Server\140\DTS\Binn\;C:\Program Files\Microsoft SQL Server\140\DTS\Binn\;C:\Program Files\Microsoft SQL Server\Client SDK\ODBC\130\Tools\Binn\;C:\Program Files (x86)\Microsoft SQL Server\Client SDK\ODBC\130\Tools\Binn\;C:\Program Files (x86)\Microsoft SQL Server\140\Tools\Binn\ManagementStudio\;C:\Program Files\Java\jdk1.8.0_131\bin;C:\Program Files (x86)\Windows Kits\8.1\Windows Performance Toolkit\;E:\app\sqlite-tools-win32-x86-3310100;C:\Program Files (x86)\Microsoft SQL Server\110\DTS\Binn\;C:\Program Files (x86)\Microsoft SQL Server\120\DTS\Binn\;C:\Program Files (x86)\Microsoft SQL Server\130\DTS\Binn\;C:\Program Files (x86)\Microsoft SQL Server\150\DTS\Binn\;D:\Matlab 2018\runtime\win64;D:\Matlab 2018\bin;C:\Program Files\MongoDB\Server\4.2\bin;C:\Program Files\Git\cmd;C:\Program Files\Git\bin;D:\NodeJS\;D:\NodeJS;C:\PHP7;C:\ProgramData\ComposerSetup\bin;E:\EAD Softs\apache-maven-3.6.1\bin;C:\Program Files\Java\jdk1.8.0_131\bin;C:\Users\Udeesha Bandara\AppData\Local\Microsoft\WindowsApps;C:\Users\Udeesha Bandara\AppData\Local\Programs\Python\Python38-32;E:\app\sqlite-tools-win32-x86-3310100;C:\Program Files\MongoDB\Server\4.2\bin;E:\heroku\bin;C:\Program Files\Git\bin;C:\Users\Udeesha Bandara\AppData\Roaming\npm;D:\Microsoft VS Code\Microsoft VS Code\bin;D:\NodeJS;C:\PHP7;C:\Users\Udeesha Bandara\AppData\Roaming\Composer\vendor\bin;C:\ProgramData\ComposerSetup\bin;D:\Flutter\flutter\bin;
USERNAME=Udeesha Bandara
OS=Windows_NT
PROCESSOR_IDENTIFIER=Intel64 Family 6 Model 61 Stepping 4, GenuineIntel



---------------  S Y S T E M  ---------------

OS: Windows 10.0 , 64 bit Build 17763 (10.0.17763.1158)

CPU:total 4 (initial active 4) (2 cores per cpu, 2 threads per core) family 6 model 61 stepping 4, cmov, cx8, fxsr, mmx, sse, sse2, sse3, ssse3, sse4.1, sse4.2, popcnt, avx, avx2, aes, clmul, erms, 3dnowpref, lzcnt, ht, tsc, tscinvbit, bmi1, bmi2, adx

Memory: 4k page, physical 8296724k(915680k free), swap 11084256k(5436k free)

vm_info: OpenJDK 64-Bit Server VM (25.242-b01) for windows-amd64 JRE (1.8.0_242-release-1644-b01), built by "builder" with MS VC++ 10.0 (VS2010)

time: Thu Mar 18 20:39:56 2021
timezone: Sri Lanka Standard Time
elapsed time: 44 seconds (0d 0h 0m 44s)

