#
# There is insufficient memory for the Java Runtime Environment to continue.
# Native memory allocation (malloc) failed to allocate 645776 bytes for Chunk::new
# Possible reasons:
#   The system is out of physical RAM or swap space
#   The process is running with CompressedOops enabled, and the Java Heap may be blocking the growth of the native heap
# Possible solutions:
#   Reduce memory load on the system
#   Increase physical memory or swap space
#   Check if swap backing store is full
#   Decrease Java heap size (-Xmx/-Xms)
#   Decrease number of Java threads
#   Decrease Java thread stack sizes (-Xss)
#   Set larger code cache with -XX:ReservedCodeCacheSize=
#   JVM is running with Unscaled Compressed Oops mode in which the Java heap is
#     placed in the first 4GB address space. The Java Heap base address is the
#     maximum limit for the native heap growth. Please use -XX:HeapBaseMinAddress
#     to set the Java Heap base and to place the Java Heap above 4GB virtual address.
# This output file may be truncated or incomplete.
#
#  Out of Memory Error (allocation.cpp:389), pid=15208, tid=0x00000000000037d0
#
# JRE version: OpenJDK Runtime Environment (8.0_242-b01) (build 1.8.0_242-release-1644-b01)
# Java VM: OpenJDK 64-Bit Server VM (25.242-b01 mixed mode windows-amd64 compressed oops)
# Failed to write core dump. Minidumps are not enabled by default on client versions of Windows
#

---------------  T H R E A D  ---------------

Current thread (0x0000000017185000):  JavaThread "C2 CompilerThread1" daemon [_thread_in_native, id=14288, stack(0x00000000188c0000,0x00000000189c0000)]

Stack: [0x00000000188c0000,0x00000000189c0000]
[error occurred during error reporting (printing stack bounds), id 0xc0000005]

Native frames: (J=compiled Java code, j=interpreted, Vv=VM code, C=native code)


Current CompileTask:
C2:  29735 5491       4       org.apache.ivy.core.IvyPatternHelper::substituteVariables (213 bytes)


---------------  P R O C E S S  ---------------

Java Threads: ( => current thread )
  0x000000001a198800 JavaThread "Build operations Thread 4" [_thread_in_Java, id=13636, stack(0x0000000022bf0000,0x0000000022cf0000)]
  0x000000001a195800 JavaThread "Build operations Thread 3" [_thread_blocked, id=7072, stack(0x0000000022af0000,0x0000000022bf0000)]
  0x000000001a193800 JavaThread "Build operations Thread 2" [_thread_blocked, id=15536, stack(0x00000000222f0000,0x00000000223f0000)]
  0x0000000019971800 JavaThread "Build operations" [_thread_blocked, id=4180, stack(0x00000000221f0000,0x00000000222f0000)]
  0x000000001996d000 JavaThread "Cache worker for file content cache (E:\androidStudio\caches\6.5\fileContent)" [_thread_blocked, id=15228, stack(0x0000000021cf0000,0x0000000021df0000)]
  0x000000001996d800 JavaThread "Cache worker for execution history cache (E:\androidStudio\caches\6.5\executionHistory)" [_thread_blocked, id=9304, stack(0x00000000213f0000,0x00000000214f0000)]
  0x000000001996c000 JavaThread "Cache worker for cache directory md-rule (E:\androidStudio\caches\6.5\md-rule)" [_thread_blocked, id=14728, stack(0x00000000210f0000,0x00000000211f0000)]
  0x000000001b1bf000 JavaThread "Cache worker for cache directory md-supplier (E:\androidStudio\caches\6.5\md-supplier)" [_thread_blocked, id=9900, stack(0x0000000020ff0000,0x00000000210f0000)]
  0x000000001b1c0800 JavaThread "Cache worker for checksums cache (E:\HD_Project\.gradle\checksums)" [_thread_blocked, id=8844, stack(0x0000000020ef0000,0x0000000020ff0000)]
  0x000000001b1bd800 JavaThread "jar transforms Thread 5" [_thread_blocked, id=7864, stack(0x0000000020bf0000,0x0000000020cf0000)]
  0x000000001b1bf800 JavaThread "jar transforms Thread 4" [_thread_blocked, id=14544, stack(0x000000001fac0000,0x000000001fbc0000)]
  0x000000001b1bc800 JavaThread "jar transforms Thread 3" [_thread_blocked, id=14712, stack(0x000000001f9c0000,0x000000001fac0000)]
  0x000000001b1bc000 JavaThread "jar transforms Thread 2" [_thread_blocked, id=15060, stack(0x000000001f8c0000,0x000000001f9c0000)]
  0x000000001b1bb000 JavaThread "jar transforms" [_thread_blocked, id=5524, stack(0x000000001f7c0000,0x000000001f8c0000)]
  0x000000001b1ba800 JavaThread "Cache worker for file hash cache (E:\HD_Project\.gradle\6.5\fileHashes)" [_thread_blocked, id=12372, stack(0x000000001f6c0000,0x000000001f7c0000)]
  0x000000001b1c1000 JavaThread "Cache worker for file hash cache (E:\androidStudio\caches\6.5\fileHashes)" [_thread_blocked, id=3532, stack(0x000000001d220000,0x000000001d320000)]
  0x000000001b1be000 JavaThread "File lock request listener" [_thread_in_native, id=8120, stack(0x000000001d120000,0x000000001d220000)]
  0x000000001b165800 JavaThread "Cache worker for journal cache (E:\androidStudio\caches\journal-1)" [_thread_blocked, id=2460, stack(0x000000001cf20000,0x000000001d020000)]
  0x000000001af66000 JavaThread "Thread-9" [_thread_blocked, id=7996, stack(0x000000001cc20000,0x000000001cd20000)]
  0x000000001af5b800 JavaThread "Stdin handler" [_thread_blocked, id=6604, stack(0x000000001cb20000,0x000000001cc20000)]
  0x000000001af56800 JavaThread "Asynchronous log dispatcher for DefaultDaemonConnection: socket connection from /127.0.0.1:15632 to /127.0.0.1:15633" [_thread_blocked, id=16160, stack(0x000000001ca20000,0x000000001cb20000)]
  0x000000001af4d000 JavaThread "Daemon worker" [_thread_blocked, id=14164, stack(0x000000001c920000,0x000000001ca20000)]
  0x000000001af4c000 JavaThread "Cancel handler" [_thread_blocked, id=7880, stack(0x000000001c820000,0x000000001c920000)]
  0x000000001a88b800 JavaThread "Handler for socket connection from /127.0.0.1:15632 to /127.0.0.1:15633" [_thread_in_native, id=9972, stack(0x000000001c720000,0x000000001c820000)]
  0x000000001a888000 JavaThread "Daemon" [_thread_blocked, id=13396, stack(0x000000001c420000,0x000000001c520000)]
  0x000000001ae7c800 JavaThread "Daemon periodic checks" [_thread_blocked, id=15604, stack(0x000000001c320000,0x000000001c420000)]
  0x000000001ae24000 JavaThread "Incoming local TCP Connector on port 15632" [_thread_in_native, id=1540, stack(0x000000001c0e0000,0x000000001c1e0000)]
  0x000000001912d000 JavaThread "Daemon health stats" [_thread_blocked, id=15416, stack(0x000000001a890000,0x000000001a990000)]
  0x0000000018ae8800 JavaThread "Service Thread" daemon [_thread_blocked, id=4836, stack(0x0000000018ec0000,0x0000000018fc0000)]
  0x0000000017189800 JavaThread "C1 CompilerThread2" daemon [_thread_in_native, id=7732, stack(0x00000000189c0000,0x0000000018ac0000)]
=>0x0000000017185000 JavaThread "C2 CompilerThread1" daemon [_thread_in_native, id=14288, stack(0x00000000188c0000,0x00000000189c0000)]
  0x0000000017179000 JavaThread "C2 CompilerThread0" daemon [_thread_in_native, id=10900, stack(0x00000000187c0000,0x00000000188c0000)]
  0x0000000017173000 JavaThread "Attach Listener" daemon [_thread_blocked, id=4784, stack(0x00000000186c0000,0x00000000187c0000)]
  0x0000000017172000 JavaThread "Signal Dispatcher" daemon [_thread_blocked, id=5556, stack(0x00000000185c0000,0x00000000186c0000)]
  0x000000000254a800 JavaThread "Finalizer" daemon [_thread_blocked, id=16276, stack(0x00000000183c0000,0x00000000184c0000)]
  0x0000000002542000 JavaThread "Reference Handler" daemon [_thread_blocked, id=3160, stack(0x00000000182c0000,0x00000000183c0000)]
  0x0000000002452800 JavaThread "main" [_thread_blocked, id=9196, stack(0x00000000022a0000,0x00000000023a0000)]

Other Threads:
  0x0000000017136000 VMThread [stack: 0x00000000181c0000,0x00000000182c0000] [id=16284]
  0x0000000018aeb000 WatcherThread [stack: 0x0000000018fc0000,0x00000000190c0000] [id=16068]

VM state:not at safepoint (normal execution)

VM Mutex/Monitor currently owned by a thread: None

heap address: 0x0000000080000000, size: 2048 MB, Compressed Oops mode: 32-bit
Narrow klass base: 0x0000000000000000, Narrow klass shift: 3
Compressed class space size: 1073741824 Address: 0x0000000100000000

Heap:
 PSYoungGen      total 101888K, used 93334K [0x00000000d5580000, 0x00000000dc500000, 0x0000000100000000)
  eden space 91648K, 93% used [0x00000000d5580000,0x00000000da8c9b38,0x00000000daf00000)
  from space 10240K, 78% used [0x00000000dbb00000,0x00000000dc2dc090,0x00000000dc500000)
  to   space 11264K, 0% used [0x00000000daf00000,0x00000000daf00000,0x00000000dba00000)
 ParOldGen       total 68608K, used 12578K [0x0000000080000000, 0x0000000084300000, 0x00000000d5580000)
  object space 68608K, 18% used [0x0000000080000000,0x0000000080c488c8,0x0000000084300000)
 Metaspace       used 46531K, capacity 48086K, committed 48384K, reserved 1091584K
  class space    used 6025K, capacity 6339K, committed 6400K, reserved 1048576K

Card table byte_map: [0x0000000011910000,0x0000000011d20000] byte_map_base: 0x0000000011510000

Marking Bits: (ParMarkBitMap*) 0x000000007122f030
 Begin Bits: [0x00000000123d0000, 0x00000000143d0000)
 End Bits:   [0x00000000143d0000, 0x00000000163d0000)

Polling page: 0x00000000001f0000

CodeCache: size=245760Kb used=17231Kb max_used=17231Kb free=228528Kb
 bounds [0x0000000002550000, 0x0000000003640000, 0x0000000011550000]
 total_blobs=5769 nmethods=4972 adapters=710
 compilation: enabled

Compilation events (10 events):
Event: 29.682 Thread 0x0000000017189800 5511       3       org.gradle.internal.component.external.model.DefaultModuleComponentIdentifier::newId (10 bytes)
Event: 29.682 Thread 0x0000000017189800 nmethod 5511 0x0000000003627790 code [0x0000000003627900, 0x0000000003627ac8]
Event: 29.683 Thread 0x0000000017189800 5512       3       com.google.common.collect.MapMakerInternalMap$AbstractWeakKeyEntry::getKey (5 bytes)
Event: 29.683 Thread 0x0000000017189800 nmethod 5512 0x00000000036273d0 code [0x0000000003627520, 0x0000000003627710]
Event: 29.683 Thread 0x0000000017189800 5513       3       org.gradle.internal.serialize.InterningStringSerializer::write (10 bytes)
Event: 29.684 Thread 0x0000000017189800 nmethod 5513 0x0000000003626d90 code [0x0000000003626f00, 0x0000000003627288]
Event: 29.684 Thread 0x0000000017189800 5514       3       org.gradle.internal.serialize.InterningStringSerializer::write (8 bytes)
Event: 29.684 Thread 0x0000000017189800 nmethod 5514 0x0000000003626910 code [0x0000000003626a80, 0x0000000003626ca8]
Event: 29.692 Thread 0x0000000017179000 nmethod 5506% 0x000000000362a650 code [0x000000000362a7e0, 0x000000000362b1d8]
Event: 29.692 Thread 0x0000000017179000 5510       4       java.util.regex.Pattern::compile (406 bytes)

GC Heap History (10 events):
Event: 14.175 GC heap before
{Heap before GC invocations=10 (full 1):
 PSYoungGen      total 55296K, used 51034K [0x00000000d5580000, 0x00000000d9780000, 0x0000000100000000)
  eden space 46080K, 100% used [0x00000000d5580000,0x00000000d8280000,0x00000000d8280000)
  from space 9216K, 53% used [0x00000000d8e80000,0x00000000d9356b88,0x00000000d9780000)
  to   space 10752K, 0% used [0x00000000d8280000,0x00000000d8280000,0x00000000d8d00000)
 ParOldGen       total 61952K, used 8836K [0x0000000080000000, 0x0000000083c80000, 0x00000000d5580000)
  object space 61952K, 14% used [0x0000000080000000,0x00000000808a1368,0x0000000083c80000)
 Metaspace       used 34139K, capacity 35150K, committed 35200K, reserved 1079296K
  class space    used 4480K, capacity 4731K, committed 4736K, reserved 1048576K
Event: 14.188 GC heap after
Heap after GC invocations=10 (full 1):
 PSYoungGen      total 56832K, used 10237K [0x00000000d5580000, 0x00000000da600000, 0x0000000100000000)
  eden space 46080K, 0% used [0x00000000d5580000,0x00000000d5580000,0x00000000d8280000)
  from space 10752K, 95% used [0x00000000d8280000,0x00000000d8c7f5f8,0x00000000d8d00000)
  to   space 11776K, 0% used [0x00000000d9a80000,0x00000000d9a80000,0x00000000da600000)
 ParOldGen       total 61952K, used 8844K [0x0000000080000000, 0x0000000083c80000, 0x00000000d5580000)
  object space 61952K, 14% used [0x0000000080000000,0x00000000808a3368,0x0000000083c80000)
 Metaspace       used 34139K, capacity 35150K, committed 35200K, reserved 1079296K
  class space    used 4480K, capacity 4731K, committed 4736K, reserved 1048576K
}
Event: 14.201 GC heap before
{Heap before GC invocations=11 (full 1):
 PSYoungGen      total 56832K, used 11156K [0x00000000d5580000, 0x00000000da600000, 0x0000000100000000)
  eden space 46080K, 1% used [0x00000000d5580000,0x00000000d5665a50,0x00000000d8280000)
  from space 10752K, 95% used [0x00000000d8280000,0x00000000d8c7f5f8,0x00000000d8d00000)
  to   space 11776K, 0% used [0x00000000d9a80000,0x00000000d9a80000,0x00000000da600000)
 ParOldGen       total 61952K, used 8844K [0x0000000080000000, 0x0000000083c80000, 0x00000000d5580000)
  object space 61952K, 14% used [0x0000000080000000,0x00000000808a3368,0x0000000083c80000)
 Metaspace       used 34207K, capacity 35220K, committed 35416K, reserved 1079296K
  class space    used 4492K, capacity 4732K, committed 4736K, reserved 1048576K
Event: 14.209 GC heap after
Heap after GC invocations=11 (full 1):
 PSYoungGen      total 71168K, used 6052K [0x00000000d5580000, 0x00000000db200000, 0x0000000100000000)
  eden space 59392K, 0% used [0x00000000d5580000,0x00000000d5580000,0x00000000d8f80000)
  from space 11776K, 51% used [0x00000000d9a80000,0x00000000da0690a0,0x00000000da600000)
  to   space 11264K, 0% used [0x00000000d8f80000,0x00000000d8f80000,0x00000000d9a80000)
 ParOldGen       total 61952K, used 8852K [0x0000000080000000, 0x0000000083c80000, 0x00000000d5580000)
  object space 61952K, 14% used [0x0000000080000000,0x00000000808a5368,0x0000000083c80000)
 Metaspace       used 34207K, capacity 35220K, committed 35416K, reserved 1079296K
  class space    used 4492K, capacity 4732K, committed 4736K, reserved 1048576K
}
Event: 14.209 GC heap before
{Heap before GC invocations=12 (full 2):
 PSYoungGen      total 71168K, used 6052K [0x00000000d5580000, 0x00000000db200000, 0x0000000100000000)
  eden space 59392K, 0% used [0x00000000d5580000,0x00000000d5580000,0x00000000d8f80000)
  from space 11776K, 51% used [0x00000000d9a80000,0x00000000da0690a0,0x00000000da600000)
  to   space 11264K, 0% used [0x00000000d8f80000,0x00000000d8f80000,0x00000000d9a80000)
 ParOldGen       total 61952K, used 8852K [0x0000000080000000, 0x0000000083c80000, 0x00000000d5580000)
  object space 61952K, 14% used [0x0000000080000000,0x00000000808a5368,0x0000000083c80000)
 Metaspace       used 34207K, capacity 35220K, committed 35416K, reserved 1079296K
  class space    used 4492K, capacity 4732K, committed 4736K, reserved 1048576K
Event: 14.259 GC heap after
Heap after GC invocations=12 (full 2):
 PSYoungGen      total 71168K, used 0K [0x00000000d5580000, 0x00000000db200000, 0x0000000100000000)
  eden space 59392K, 0% used [0x00000000d5580000,0x00000000d5580000,0x00000000d8f80000)
  from space 11776K, 0% used [0x00000000d9a80000,0x00000000d9a80000,0x00000000da600000)
  to   space 11264K, 0% used [0x00000000d8f80000,0x00000000d8f80000,0x00000000d9a80000)
 ParOldGen       total 68608K, used 12570K [0x0000000080000000, 0x0000000084300000, 0x00000000d5580000)
  object space 68608K, 18% used [0x0000000080000000,0x0000000080c468c8,0x0000000084300000)
 Metaspace       used 34203K, capacity 35214K, committed 35416K, reserved 1079296K
  class space    used 4490K, capacity 4730K, committed 4736K, reserved 1048576K
}
Event: 15.261 GC heap before
{Heap before GC invocations=13 (full 2):
 PSYoungGen      total 71168K, used 59392K [0x00000000d5580000, 0x00000000db200000, 0x0000000100000000)
  eden space 59392K, 100% used [0x00000000d5580000,0x00000000d8f80000,0x00000000d8f80000)
  from space 11776K, 0% used [0x00000000d9a80000,0x00000000d9a80000,0x00000000da600000)
  to   space 11264K, 0% used [0x00000000d8f80000,0x00000000d8f80000,0x00000000d9a80000)
 ParOldGen       total 68608K, used 12570K [0x0000000080000000, 0x0000000084300000, 0x00000000d5580000)
  object space 68608K, 18% used [0x0000000080000000,0x0000000080c468c8,0x0000000084300000)
 Metaspace       used 37126K, capacity 38294K, committed 38656K, reserved 1083392K
  class space    used 4978K, capacity 5259K, committed 5376K, reserved 1048576K
Event: 15.267 GC heap after
Heap after GC invocations=13 (full 2):
 PSYoungGen      total 70656K, used 4917K [0x00000000d5580000, 0x00000000dc600000, 0x0000000100000000)
  eden space 59392K, 0% used [0x00000000d5580000,0x00000000d5580000,0x00000000d8f80000)
  from space 11264K, 43% used [0x00000000d8f80000,0x00000000d944d5d0,0x00000000d9a80000)
  to   space 11264K, 0% used [0x00000000dbb00000,0x00000000dbb00000,0x00000000dc600000)
 ParOldGen       total 68608K, used 12570K [0x0000000080000000, 0x0000000084300000, 0x00000000d5580000)
  object space 68608K, 18% used [0x0000000080000000,0x0000000080c468c8,0x0000000084300000)
 Metaspace       used 37126K, capacity 38294K, committed 38656K, reserved 1083392K
  class space    used 4978K, capacity 5259K, committed 5376K, reserved 1048576K
}
Event: 16.978 GC heap before
{Heap before GC invocations=14 (full 2):
 PSYoungGen      total 70656K, used 64309K [0x00000000d5580000, 0x00000000dc600000, 0x0000000100000000)
  eden space 59392K, 100% used [0x00000000d5580000,0x00000000d8f80000,0x00000000d8f80000)
  from space 11264K, 43% used [0x00000000d8f80000,0x00000000d944d5d0,0x00000000d9a80000)
  to   space 11264K, 0% used [0x00000000dbb00000,0x00000000dbb00000,0x00000000dc600000)
 ParOldGen       total 68608K, used 12570K [0x0000000080000000, 0x0000000084300000, 0x00000000d5580000)
  object space 68608K, 18% used [0x0000000080000000,0x0000000080c468c8,0x0000000084300000)
 Metaspace       used 41145K, capacity 42628K, committed 42752K, reserved 1085440K
  class space    used 5536K, capacity 5880K, committed 5888K, reserved 1048576K
Event: 16.992 GC heap after
Heap after GC invocations=14 (full 2):
 PSYoungGen      total 101888K, used 8048K [0x00000000d5580000, 0x00000000dc500000, 0x0000000100000000)
  eden space 91648K, 0% used [0x00000000d5580000,0x00000000d5580000,0x00000000daf00000)
  from space 10240K, 78% used [0x00000000dbb00000,0x00000000dc2dc090,0x00000000dc500000)
  to   space 11264K, 0% used [0x00000000daf00000,0x00000000daf00000,0x00000000dba00000)
 ParOldGen       total 68608K, used 12578K [0x0000000080000000, 0x0000000084300000, 0x00000000d5580000)
  object space 68608K, 18% used [0x0000000080000000,0x0000000080c488c8,0x0000000084300000)
 Metaspace       used 41145K, capacity 42628K, committed 42752K, reserved 1085440K
  class space    used 5536K, capacity 5880K, committed 5888K, reserved 1048576K
}

Deoptimization events (10 events):
Event: 18.522 Thread 0x0000000019971800 Uncommon trap: reason=unstable_if action=reinterpret pc=0x00000000030f59ac method=com.sun.org.apache.xerces.internal.dom.DeferredDocumentImpl.getRealPrevSibling(IZ)I @ 20
Event: 19.215 Thread 0x000000001a195800 Uncommon trap: reason=unstable_if action=reinterpret pc=0x0000000002cfa94c method=java.util.concurrent.ConcurrentHashMap.addCount(JI)V @ 34
Event: 19.272 Thread 0x0000000019971800 Uncommon trap: reason=unstable_if action=reinterpret pc=0x0000000002a35538 method=java.util.concurrent.ConcurrentHashMap.addCount(JI)V @ 7
Event: 20.306 Thread 0x000000001a193800 Uncommon trap: reason=unstable_if action=reinterpret pc=0x00000000032bf604 method=com.sun.org.apache.xerces.internal.impl.XMLDocumentFragmentScannerImpl$FragmentContentDriver.next()I @ 452
Event: 20.482 Thread 0x000000001af4d000 Uncommon trap: reason=unstable_if action=reinterpret pc=0x00000000031be270 method=com.sun.org.apache.xerces.internal.impl.XMLEntityScanner.peekChar()I @ 14
Event: 22.039 Thread 0x000000001af4d000 Uncommon trap: reason=unstable_if action=reinterpret pc=0x000000000323d298 method=com.sun.org.apache.xerces.internal.impl.XMLEntityScanner.scanContent(Lcom/sun/org/apache/xerces/internal/xni/XMLString;)I @ 418
Event: 23.618 Thread 0x000000001a193800 Uncommon trap: reason=unstable_if action=reinterpret pc=0x000000000335f028 method=com.sun.org.apache.xerces.internal.impl.XMLDocumentFragmentScannerImpl$FragmentContentDriver.next()I @ 823
Event: 23.952 Thread 0x000000001a193800 Uncommon trap: reason=unstable_if action=reinterpret pc=0x000000000327d074 method=com.sun.org.apache.xerces.internal.impl.XMLEntityScanner.checkBeforeLoad(Lcom/sun/xml/internal/stream/Entity$ScannedEntity;II)I @ 18
Event: 23.953 Thread 0x000000001a198800 Uncommon trap: reason=unstable_if action=reinterpret pc=0x000000000319c7b4 method=com.sun.org.apache.xerces.internal.impl.XMLEntityScanner.checkBeforeLoad(Lcom/sun/xml/internal/stream/Entity$ScannedEntity;II)I @ 18
Event: 24.684 Thread 0x0000000019971800 Uncommon trap: reason=unstable_if action=reinterpret pc=0x0000000002eaf328 method=com.sun.org.apache.xerces.internal.dom.ParentNode.nodeListGetLength()I @ 11

Classes redefined (0 events):
No events

Internal exceptions (10 events):
Event: 15.553 Thread 0x000000001af4d000 Exception <a 'java/lang/NoSuchMethodError': java.lang.Object.lambda$thenComparing$36697e65$1(Ljava/util/Comparator;Ljava/lang/Object;Ljava/lang/Object;)I> (0x00000000d7159de0) thrown at [C:\src\AOSP-openjdk-git\hotspot\src\share\vm\interpreter\linkResolve
Event: 15.842 Thread 0x0000000019971800 Implicit null exception at 0x0000000002767de2 to 0x0000000002768321
Event: 15.842 Thread 0x000000001af4d000 Implicit null exception at 0x0000000002767de2 to 0x0000000002768321
Event: 15.877 Thread 0x000000001af4d000 Implicit null exception at 0x00000000027d0a96 to 0x00000000027d0e29
Event: 16.696 Thread 0x0000000019971800 Implicit null exception at 0x0000000002c4ee64 to 0x0000000002c52aa1
Event: 17.808 Thread 0x000000001af4d000 Implicit null exception at 0x00000000027a5558 to 0x00000000027a569d
Event: 17.808 Thread 0x0000000019971800 Implicit null exception at 0x00000000027a5558 to 0x00000000027a569d
Event: 19.034 Thread 0x000000001af4d000 Exception <a 'java/lang/NoSuchMethodError': java.lang.Object.lambda$static$0()Z> (0x00000000d6b718d8) thrown at [C:\src\AOSP-openjdk-git\hotspot\src\share\vm\interpreter\linkResolver.cpp, line 620]
Event: 23.290 Thread 0x0000000019971800 Exception <a 'java/net/SocketTimeoutException': Read timed out> (0x00000000d8a6d560) thrown at [C:\src\AOSP-openjdk-git\hotspot\src\share\vm\prims\jni.cpp, line 737]
Event: 23.290 Thread 0x000000001a193800 Exception <a 'java/net/SocketTimeoutException': Read timed out> (0x00000000d8facc08) thrown at [C:\src\AOSP-openjdk-git\hotspot\src\share\vm\prims\jni.cpp, line 737]

Events (10 events):
Event: 25.176 Executing VM operation: RevokeBias
Event: 25.176 Executing VM operation: RevokeBias done
Event: 27.285 loading class org/gradle/api/internal/artifacts/ivyservice/ivyresolve/parser/PomReader$PomProfileElement
Event: 27.285 loading class org/gradle/api/internal/artifacts/ivyservice/ivyresolve/parser/PomReader$PomProfileElement done
Event: 27.286 loading class org/gradle/api/internal/artifacts/ivyservice/ivyresolve/parser/data/PomProfile
Event: 27.286 loading class org/gradle/api/internal/artifacts/ivyservice/ivyresolve/parser/data/PomProfile done
Event: 29.209 loading class org/gradle/api/internal/artifacts/ivyservice/ivyresolve/parser/GradlePomModuleDescriptorBuilder$JarDependencyType
Event: 29.209 loading class org/gradle/api/internal/artifacts/ivyservice/ivyresolve/parser/GradlePomModuleDescriptorBuilder$JarDependencyType done
Event: 29.677 Thread 0x000000001a198800 DEOPT PACKING pc=0x000000000325846e sp=0x0000000022cec3c0
Event: 29.677 Thread 0x000000001a198800 DEOPT UNPACKING pc=0x00000000025975d0 sp=0x0000000022cec1d0 mode 0


Dynamic libraries:
0x00007ff7db990000 - 0x00007ff7db9c1000 	D:\Android Studio\jre\bin\java.exe
0x00007ffc0f2c0000 - 0x00007ffc0f4ad000 	C:\WINDOWS\SYSTEM32\ntdll.dll
0x00007ffc0ef80000 - 0x00007ffc0f033000 	C:\WINDOWS\System32\KERNEL32.DLL
0x00007ffc0bdc0000 - 0x00007ffc0c055000 	C:\WINDOWS\System32\KERNELBASE.dll
0x00007ffc0d360000 - 0x00007ffc0d403000 	C:\WINDOWS\System32\ADVAPI32.dll
0x00007ffc0d670000 - 0x00007ffc0d70e000 	C:\WINDOWS\System32\msvcrt.dll
0x00007ffc0cad0000 - 0x00007ffc0cb6e000 	C:\WINDOWS\System32\sechost.dll
0x00007ffc0c710000 - 0x00007ffc0c832000 	C:\WINDOWS\System32\RPCRT4.dll
0x00007ffc0f070000 - 0x00007ffc0f207000 	C:\WINDOWS\System32\USER32.dll
0x00007ffc0b450000 - 0x00007ffc0b470000 	C:\WINDOWS\System32\win32u.dll
0x00007ffc0d710000 - 0x00007ffc0d739000 	C:\WINDOWS\System32\GDI32.dll
0x00007ffc0c2e0000 - 0x00007ffc0c479000 	C:\WINDOWS\System32\gdi32full.dll
0x00007ffc0c190000 - 0x00007ffc0c230000 	C:\WINDOWS\System32\msvcp_win.dll
0x00007ffc0c060000 - 0x00007ffc0c15a000 	C:\WINDOWS\System32\ucrtbase.dll
0x00007ffbfd1d0000 - 0x00007ffbfd449000 	C:\WINDOWS\WinSxS\amd64_microsoft.windows.common-controls_6595b64144ccf1df_6.0.17763.1217_none_de6e4304534e0ad3\COMCTL32.dll
0x00007ffc0ec40000 - 0x00007ffc0ef6c000 	C:\WINDOWS\System32\combase.dll
0x00007ffc0b380000 - 0x00007ffc0b3fe000 	C:\WINDOWS\System32\bcryptPrimitives.dll
0x00007ffc0f040000 - 0x00007ffc0f06e000 	C:\WINDOWS\System32\IMM32.DLL
0x00000000708a0000 - 0x0000000070972000 	D:\Android Studio\jre\jre\bin\msvcr100.dll
0x0000000070a60000 - 0x00000000712ab000 	D:\Android Studio\jre\jre\bin\server\jvm.dll
0x00007ffc0c840000 - 0x00007ffc0c848000 	C:\WINDOWS\System32\PSAPI.DLL
0x00007ffc07d70000 - 0x00007ffc07d94000 	C:\WINDOWS\SYSTEM32\WINMM.dll
0x00007ffc00560000 - 0x00007ffc0056a000 	C:\WINDOWS\SYSTEM32\VERSION.dll
0x00007ffbf7a50000 - 0x00007ffbf7a59000 	C:\WINDOWS\SYSTEM32\WSOCK32.dll
0x00007ffc0d5a0000 - 0x00007ffc0d60d000 	C:\WINDOWS\System32\WS2_32.dll
0x00007ffc07d40000 - 0x00007ffc07d6d000 	C:\WINDOWS\SYSTEM32\WINMMBASE.dll
0x00007ffc0b400000 - 0x00007ffc0b44a000 	C:\WINDOWS\System32\cfgmgr32.dll
0x00007ffc01d10000 - 0x00007ffc01d1f000 	D:\Android Studio\jre\jre\bin\verify.dll
0x00007ffbfbb90000 - 0x00007ffbfbbb9000 	D:\Android Studio\jre\jre\bin\java.dll
0x00007ffc010c0000 - 0x00007ffc010d6000 	D:\Android Studio\jre\jre\bin\zip.dll
0x00007ffc0d740000 - 0x00007ffc0ec34000 	C:\WINDOWS\System32\SHELL32.dll
0x00007ffc0ca20000 - 0x00007ffc0cac8000 	C:\WINDOWS\System32\shcore.dll
0x00007ffc0b490000 - 0x00007ffc0bbde000 	C:\WINDOWS\System32\windows.storage.dll
0x00007ffc0b2d0000 - 0x00007ffc0b2f4000 	C:\WINDOWS\System32\profapi.dll
0x00007ffc0b300000 - 0x00007ffc0b35d000 	C:\WINDOWS\System32\powrprof.dll
0x00007ffc0c850000 - 0x00007ffc0c8a2000 	C:\WINDOWS\System32\shlwapi.dll
0x00007ffc0b2b0000 - 0x00007ffc0b2c1000 	C:\WINDOWS\System32\kernel.appcore.dll
0x00007ffc0b470000 - 0x00007ffc0b487000 	C:\WINDOWS\System32\cryptsp.dll
0x00007ffbff700000 - 0x00007ffbff71a000 	D:\Android Studio\jre\jre\bin\net.dll
0x00007ffc0ab20000 - 0x00007ffc0ab87000 	C:\WINDOWS\system32\mswsock.dll
0x00007ffbfa810000 - 0x00007ffbfa823000 	D:\Android Studio\jre\jre\bin\nio.dll
0x00007ffbfa6a0000 - 0x00007ffbfa6c7000 	E:\androidStudio\native\f6784746aeab05261644944871eae4fe03e0ef1612fff0a4a95f87b438bc6780\windows-amd64\native-platform.dll
0x00007ffc00d50000 - 0x00007ffc00d5d000 	D:\Android Studio\jre\jre\bin\management.dll
0x00007ffc0a6a0000 - 0x00007ffc0a6d3000 	C:\WINDOWS\system32\rsaenh.dll
0x00007ffc0c160000 - 0x00007ffc0c186000 	C:\WINDOWS\System32\bcrypt.dll
0x00007ffc0b1b0000 - 0x00007ffc0b1d8000 	C:\WINDOWS\SYSTEM32\USERENV.dll
0x00007ffc0acf0000 - 0x00007ffc0acfc000 	C:\WINDOWS\SYSTEM32\CRYPTBASE.dll
0x00007ffc0a840000 - 0x00007ffc0a87d000 	C:\WINDOWS\SYSTEM32\IPHLPAPI.DLL
0x00007ffc0ef70000 - 0x00007ffc0ef78000 	C:\WINDOWS\System32\NSI.dll
0x00007ffbfe9f0000 - 0x00007ffbfea06000 	C:\WINDOWS\SYSTEM32\dhcpcsvc6.DLL
0x00007ffbff480000 - 0x00007ffbff49c000 	C:\WINDOWS\SYSTEM32\dhcpcsvc.DLL
0x00007ffc0a880000 - 0x00007ffc0a947000 	C:\WINDOWS\SYSTEM32\DNSAPI.dll
0x00007ffbffd00000 - 0x00007ffbffd0b000 	C:\WINDOWS\SYSTEM32\WINNSI.DLL
0x00007ffc0a320000 - 0x00007ffc0a351000 	C:\WINDOWS\SYSTEM32\ntmarta.dll
0x00007ffbf6890000 - 0x00007ffbf68b4000 	D:\Android Studio\jre\jre\bin\sunec.dll
0x00007ffbfb190000 - 0x00007ffbfb19a000 	C:\Windows\System32\rasadhlp.dll
0x00007ffbfc650000 - 0x00007ffbfc6c9000 	C:\WINDOWS\System32\fwpuclnt.dll
0x00007ffc03850000 - 0x00007ffc0385b000 	D:\Android Studio\jre\jre\bin\sunmscapi.dll
0x00007ffc0bbe0000 - 0x00007ffc0bdbc000 	C:\WINDOWS\System32\CRYPT32.dll
0x00007ffc0b360000 - 0x00007ffc0b372000 	C:\WINDOWS\System32\MSASN1.dll

VM Arguments:
jvm_args: -Xmx2048m -Dfile.encoding=windows-1252 -Duser.country=GB -Duser.language=en -Duser.variant 
java_command: org.gradle.launcher.daemon.bootstrap.GradleDaemon 6.5
java_class_path (initial): E:\androidStudio\wrapper\dists\gradle-6.5-bin\6nifqtx7604sqp1q6g8wikw7p\gradle-6.5\lib\gradle-launcher-6.5.jar
Launcher Type: SUN_STANDARD

Environment Variables:
JAVA_HOME=C:\Program Files\Java\jdk1.8.0_131
PATH=E:\EAD Softs\apache-maven-3.6.1\bin;E:\app\OracleHomeUser1\product\12.2.0\dbhome_1\bin;C:\Program Files\Microsoft MPI\Bin\;C:\WINDOWS\system32;C:\WINDOWS;C:\WINDOWS\System32\Wbem;C:\WINDOWS\System32\WindowsPowerShell\v1.0\;C:\WINDOWS\System32\OpenSSH\;C:\Program Files\Microsoft SQL Server\130\Tools\Binn\;C:\Program Files (x86)\Microsoft SQL Server\140\Tools\Binn\;C:\Program Files\Microsoft SQL Server\140\Tools\Binn\;C:\Program Files (x86)\Microsoft SQL Server\140\DTS\Binn\;C:\Program Files\Microsoft SQL Server\140\DTS\Binn\;C:\Program Files\Microsoft SQL Server\Client SDK\ODBC\130\Tools\Binn\;C:\Program Files (x86)\Microsoft SQL Server\Client SDK\ODBC\130\Tools\Binn\;C:\Program Files (x86)\Microsoft SQL Server\140\Tools\Binn\ManagementStudio\;C:\Program Files\Java\jdk1.8.0_131\bin;C:\Program Files (x86)\Windows Kits\8.1\Windows Performance Toolkit\;E:\app\sqlite-tools-win32-x86-3310100;C:\Program Files (x86)\Microsoft SQL Server\110\DTS\Binn\;C:\Program Files (x86)\Microsoft SQL Server\120\DTS\Binn\;C:\Program Files (x86)\Microsoft SQL Server\130\DTS\Binn\;C:\Program Files (x86)\Microsoft SQL Server\150\DTS\Binn\;D:\Matlab 2018\runtime\win64;D:\Matlab 2018\bin;C:\Program Files\MongoDB\Server\4.2\bin;C:\Program Files\Git\cmd;C:\Program Files\Git\bin;D:\NodeJS\;D:\NodeJS;C:\PHP7;C:\ProgramData\ComposerSetup\bin;E:\EAD Softs\apache-maven-3.6.1\bin;C:\Program Files\Java\jdk1.8.0_131\bin;C:\Users\Udeesha Bandara\AppData\Local\Microsoft\WindowsApps;C:\Users\Udeesha Bandara\AppData\Local\Programs\Python\Python38-32;E:\app\sqlite-tools-win32-x86-3310100;C:\Program Files\MongoDB\Server\4.2\bin;E:\heroku\bin;C:\Program Files\Git\bin;C:\Users\Udeesha Bandara\AppData\Roaming\npm;D:\Microsoft VS Code\Microsoft VS Code\bin;D:\NodeJS;C:\PHP7;C:\Users\Udeesha Bandara\AppData\Roaming\Composer\vendor\bin;C:\ProgramData\ComposerSetup\bin;D:\Flutter\flutter\bin;
USERNAME=Udeesha Bandara
OS=Windows_NT
PROCESSOR_IDENTIFIER=Intel64 Family 6 Model 61 Stepping 4, GenuineIntel



---------------  S Y S T E M  ---------------

OS: Windows 10.0 , 64 bit Build 17763 (10.0.17763.1158)

CPU:total 4 (initial active 4) (2 cores per cpu, 2 threads per core) family 6 model 61 stepping 4, cmov, cx8, fxsr, mmx, sse, sse2, sse3, ssse3, sse4.1, sse4.2, popcnt, avx, avx2, aes, clmul, erms, 3dnowpref, lzcnt, ht, tsc, tscinvbit, bmi1, bmi2, adx

Memory: 4k page, physical 8296724k(1027612k free), swap 11084256k(5188k free)

vm_info: OpenJDK 64-Bit Server VM (25.242-b01) for windows-amd64 JRE (1.8.0_242-release-1644-b01), built by "builder" with MS VC++ 10.0 (VS2010)

time: Thu Mar 18 20:38:56 2021
timezone: Sri Lanka Standard Time
elapsed time: 29 seconds (0d 0h 0m 29s)

